\BOOKMARK [1][-]{section.1}{\376\377\000B\000u\000\040\000B\000e\000l\000g\000e\000\040\000N\000a\000s\001\061\000l\000\040\000K\000u\000l\000l\000a\000n\001\061\000l\001\061\000r}{}% 1
\BOOKMARK [1][-]{section.2}{\376\377\000F\000A\000Z\000\040\0000\000\040\040\024\000\040\000G\000e\000l\000i\001\137\000t\000i\000r\000m\000e\000\040\000O\000r\000t\000a\000m\001\061\000\040\000K\000u\000r\000u\000l\000u\000m\000u\000\040\000\050\000A\000d\001\061\000m\000\040\0001\040\023\0001\0005\000\051}{}% 2
\BOOKMARK [1][-]{section.3}{\376\377\000F\000A\000Z\000\040\0001\000\040\040\024\000\040\000M\000e\000v\000c\000u\000t\000\040\000P\000r\000o\000t\000o\000t\000i\000p\000i\000\040\000P\000r\000o\000j\000e\000\040\000H\000a\000l\000i\000n\000e\000\040\000G\000e\000t\000i\000r\000m\000e\000\040\000\050\000A\000d\001\061\000m\000\040\0001\0006\040\023\0003\0000\000\051}{}% 3
\BOOKMARK [1][-]{section.4}{\376\377\000F\000A\000Z\000\040\0002\000\040\040\024\000\040\000M\000a\000l\000i\000y\000e\000t\000\040\000\046\000\040\000T\000a\000r\000i\000f\000e\000\040\000M\000o\000d\000\374\000l\000\374\000\040\000\050\000A\000d\001\061\000m\000\040\0003\0001\040\023\0004\0000\000\051}{}% 4
\BOOKMARK [1][-]{section.5}{\376\377\000F\000A\000Z\000\040\0003\000\040\040\024\000\040\000O\000C\000P\000P\000'\000y\000i\000\040\000S\001\061\000f\001\061\000r\000d\000a\000n\000\040\000\326\001\037\000r\000e\000n\000m\000e\000\040\000\050\000A\000d\001\061\000m\000\040\0004\0001\040\023\0006\0000\000\051}{}% 5
\BOOKMARK [1][-]{section.6}{\376\377\000F\000A\000Z\000\040\0004\000\040\040\024\000\040\000D\000o\000n\000a\000n\001\061\000m\000\040\000L\000a\000b\000\040\000K\000u\000r\000u\000l\000u\000m\000u\000\040\000\050\000A\000d\001\061\000m\000\040\0006\0001\040\023\0007\0005\000\051}{}% 6
\BOOKMARK [1][-]{section.7}{\376\377\000F\000A\000Z\000\040\0005\000\040\040\024\000\040\000B\000a\000c\000k\000e\000n\000d\000\040\000M\000V\000P\000\040\000\050\000A\000d\001\061\000m\000\040\0007\0006\040\023\0001\0000\0000\000\051}{}% 7
\BOOKMARK [1][-]{section.8}{\376\377\000F\000A\000Z\000\040\0006\000\040\040\024\000\040\000T\000e\000l\000e\000m\000e\000t\000r\000i\000\040\000P\000i\000p\000e\000l\000i\000n\000e\000\040\000\050\000A\000d\001\061\000m\000\040\0001\0000\0001\040\023\0001\0001\0005\000\051}{}% 8
\BOOKMARK [1][-]{section.9}{\376\377\000F\000A\000Z\000\040\0007\000\040\040\024\000\040\000Y\000\374\000k\000\040\000T\000a\000h\000m\000i\000n\000i\000\040\000\050\000A\000d\001\061\000m\000\040\0001\0001\0006\040\023\0001\0004\0000\000\051}{}% 9
\BOOKMARK [1][-]{section.10}{\376\377\000F\000A\000Z\000\040\0008\000\040\040\024\000\040\000A\000l\000g\000o\000r\000i\000t\000m\000a\000y\001\061\000\040\000P\000r\000o\000d\000u\000c\000t\000i\000o\000n\000'\000a\000\040\000P\000o\000r\000t\000\040\000\050\000A\000d\001\061\000m\000\040\0001\0004\0001\040\023\0001\0005\0000\000\051}{}% 10
\BOOKMARK [1][-]{section.11}{\376\377\000F\000A\000Z\000\040\0009\000\040\040\024\000\040\000O\000p\000e\000r\000a\000t\000\366\000r\000\040\000D\000a\000s\000h\000b\000o\000a\000r\000d\000\040\000\050\000A\000d\001\061\000m\000\040\0001\0005\0001\040\023\0001\0006\0005\000\051}{}% 11
\BOOKMARK [1][-]{section.12}{\376\377\000F\000A\000Z\000\040\0001\0000\000\040\040\024\000\040\000B\000u\000l\000u\000t\000\040\000D\000e\000p\000l\000o\000y\000\040\000+\000\040\000C\000I\000/\000C\000D\000\040\000\050\000A\000d\001\061\000m\000\040\0001\0006\0006\040\023\0001\0007\0005\000\051}{}% 12
\BOOKMARK [1][-]{section.13}{\376\377\000F\000A\000Z\000\040\0001\0001\000\040\040\024\000\040\000P\000i\000l\000o\000t\000\040\000S\000a\000h\000a\000\040\000K\000u\000r\000u\000l\000u\000m\000u\000\040\000\050\000A\000d\001\061\000m\000\040\0001\0007\0006\040\023\0001\0008\0000\000\051}{}% 13
\BOOKMARK [1][-]{section.14}{\376\377\000S\000o\000n\000r\000a\000k\000i\000\040\0005\000\040\000A\000d\001\061\000m\000\040\040\024\000\040\000F\000a\000z\000\040\0001\0001\000\040\000s\000o\000n\000r\000a\000s\001\061\000\040\000\050\000\366\000z\000e\000t\000\051}{}% 14
\BOOKMARK [1][-]{section.15}{\376\377\000G\000e\000n\000e\000l\000\040\000N\000o\000t\000l\000a\000r}{}% 15
\BOOKMARK [2][-]{subsection.15.1}{\376\377\000P\000a\000r\000a\000l\000e\000l\000i\000z\000e\000\040\000E\000d\000i\000l\000e\000b\000i\000l\000e\000n\000\040\000A\000d\001\061\000m\000l\000a\000r\000\040\000\050\0003\000\040\000K\000u\000r\000u\000c\000u\000\051}{section.15}% 16
\BOOKMARK [2][-]{subsection.15.2}{\376\377\000H\000a\000n\000g\000i\000\040\000A\000d\001\061\000m\001\061\000\040\000N\000e\000\040\000Z\000a\000m\000a\000n\000\040\000Y\000a\000p\000a\000c\000a\000k\000s\001\061\000n\000\040\040\024\000\040\000B\000a\001\037\001\061\000m\000l\001\061\000l\001\061\000k\000\040\000G\000r\000a\000f\000i\001\037\000i}{section.15}% 17
\BOOKMARK [2][-]{subsection.15.3}{\376\377\000B\000i\000t\000t\000i\001\037\000i\000\040\000N\000a\000s\001\061\000l\000\040\000A\000n\000l\000a\001\137\001\061\000l\001\061\000r\000\040\000\050\000G\000e\000n\000e\000l\000\051}{section.15}% 18
\BOOKMARK [2][-]{subsection.15.4}{\376\377\000S\001\061\000k\001\061\001\137\000t\001\061\001\037\001\061\000n\000d\000a\000\040\000N\000e\000\040\000Y\000a\000p\000a\000r\000s\001\061\000n}{section.15}% 19
\BOOKMARK [2][-]{subsection.15.5}{\376\377\000F\000i\000n\000a\000l\000\040\000H\000a\000t\001\061\000r\000l\000a\000t\000m\000a}{section.15}% 20
