\BOOKMARK [1][-]{section.1}{\376\377\000Y\000\366\000n\000e\000t\000i\000c\000i\000\040\000\326\000z\000e\000t\000i}{}% 1
\BOOKMARK [1][-]{section.2}{\376\377\000M\000e\000v\000c\000u\000t\000\040\000D\000u\000r\000u\000m\000\040\040\024\000\040\000T\000e\000k\000n\000i\000k\000\040\000D\000e\001\037\000e\000r\000l\000e\000n\000d\000i\000r\000m\000e}{}% 2
\BOOKMARK [2][-]{subsection.2.1}{\376\377\000S\000a\000h\000i\000p\000\040\000O\000l\000d\000u\000k\000l\000a\000r\001\061\000m\001\061\000z}{section.2}% 3
\BOOKMARK [2][-]{subsection.2.2}{\376\377\000S\000a\000h\000i\000p\000\040\000O\000l\000m\000a\000d\001\061\000k\000l\000a\000r\001\061\000m\001\061\000z\000\040\000\050\000K\000r\000i\000t\000i\000k\000\040\000B\000o\001\137\000l\000u\000k\000l\000a\000r\000\051}{section.2}% 4
\BOOKMARK [2][-]{subsection.2.3}{\376\377\000T\000R\000L\000\040\000S\000e\000v\000i\000y\000e\000s\000i}{section.2}% 5
\BOOKMARK [1][-]{section.3}{\376\377\000B\000o\001\137\000l\000u\000k\000\040\000A\000n\000a\000l\000i\000z\000i\000\040\040\024\000\040\0001\0002\000\040\000M\000o\000d\000\374\000l\000\374\000n\000\040\000D\000e\000t\000a\000y\000l\001\061\000\040\000Y\000o\000l\000\040\000H\000a\000r\000i\000t\000a\000s\001\061}{}% 6
\BOOKMARK [2][-]{subsection.3.1}{\376\377\000M\000o\000d\000\374\000l\000\040\000A\000\040\040\024\000\040\000M\000a\000l\000i\000y\000e\000t\000\040\000\046\000\040\000T\000a\000r\000i\000f\000e\000\040\000M\000o\000d\000e\000l\000i}{section.3}% 7
\BOOKMARK [3][-]{subsubsection.3.1.1}{\376\377\000N\000e\000d\000e\000n\000\040\000K\000r\000i\000t\000i\000k}{subsection.3.1}% 8
\BOOKMARK [3][-]{subsubsection.3.1.2}{\376\377\000T\000\374\000r\000k\000i\000y\000e\000\040\000T\000a\000r\000i\000f\000e\000\040\000Y\000a\000p\001\061\000s\001\061\000\040\000\050\000S\000a\000n\000a\000y\000i\000/\000T\000i\000c\000a\000r\000i\000,\000\040\000A\000G\000-\000O\000G\000\051}{subsection.3.1}% 9
\BOOKMARK [3][-]{subsubsection.3.1.3}{\376\377\000E\000k\000l\000e\000n\000e\000c\000e\000k\000\040\000K\000o\000d\000\040\000M\000o\000d\000\374\000l\000\374}{subsection.3.1}% 10
\BOOKMARK [3][-]{subsubsection.3.1.4}{\376\377\000S\000\374\000r\000e\000\040\000\046\000\040\000S\000a\000h\000i\000p}{subsection.3.1}% 11
\BOOKMARK [2][-]{subsection.3.2}{\376\377\000M\000o\000d\000\374\000l\000\040\000B\000\040\040\024\000\040\000G\000e\000r\000\347\000e\000k\000-\000z\000a\000m\000a\000n\000l\001\061\000\040\001\136\000e\000b\000e\000k\000e\000\040\000V\000e\000r\000i\000s\000i\000\040\000T\000o\000p\000l\000a\000m\000a}{section.3}% 12
\BOOKMARK [3][-]{subsubsection.3.2.1}{\376\377\000S\000o\000r\000u\000:\000\040\000`\000`\000A\000n\000l\001\061\000k\000\040\000v\000e\000r\000i\000\040\000n\000e\000r\000e\000d\000e\000n\000\040\000g\000e\000l\000e\000c\000e\000k\000?\000'\000'}{subsection.3.2}% 13
\BOOKMARK [3][-]{subsubsection.3.2.2}{\376\377\000P\000r\000a\000t\000i\000k\000\040\000S\000t\000r\000a\000t\000e\000j\000i}{subsection.3.2}% 14
\BOOKMARK [3][-]{subsubsection.3.2.3}{\376\377\000S\000\374\000r\000e\000\040\000\046\000\040\000S\000a\000h\000i\000p}{subsection.3.2}% 15
\BOOKMARK [2][-]{subsection.3.3}{\376\377\000M\000o\000d\000\374\000l\000\040\000C\000\040\040\024\000\040\000O\000C\000P\000P\000\040\000\326\001\037\000r\000e\000n\000m\000e\000\040\000\046\000\040\000E\000n\000t\000e\000g\000r\000a\000s\000y\000o\000n}{section.3}% 16
\BOOKMARK [3][-]{subsubsection.3.3.1}{\376\377\000O\000C\000P\000P\000\040\000n\000e\000d\000i\000r\000?}{subsection.3.3}% 17
\BOOKMARK [3][-]{subsubsection.3.3.2}{\376\377\000\326\001\037\000r\000e\000n\000m\000e\000\040\000Y\000o\000l\000u\000\040\000\050\0004\000\040\000H\000a\000f\000t\000a\000\051}{subsection.3.3}% 18
\BOOKMARK [3][-]{subsubsection.3.3.3}{\376\377\000C\000h\000a\000r\000g\000e\000r\000\040\000\334\000r\000e\000t\000i\000c\000i\000l\000e\000r\000i\000\040\000T\000\374\000r\000k\000i\000y\000e\000\040\000L\000i\000s\000t\000e\000s\000i}{subsection.3.3}% 19
\BOOKMARK [3][-]{subsubsection.3.3.4}{\376\377\000S\000\374\000r\000e\000\040\000\046\000\040\000S\000a\000h\000i\000p}{subsection.3.3}% 20
\BOOKMARK [2][-]{subsection.3.4}{\376\377\000M\000o\000d\000\374\000l\000\040\000D\000\040\040\024\000\040\000L\000o\000k\000a\000l\000\040\000Y\000\374\000k\000\040\000T\000a\000h\000m\000i\000n\000i\000\040\000\050\000M\000L\000/\000A\000I\000\051}{section.3}% 21
\BOOKMARK [3][-]{subsubsection.3.4.1}{\376\377\000S\000o\000r\000u\000:\000\040\000`\000`\000M\000o\000d\000e\000l\000\040\000m\000i\000\040\000e\001\037\000i\000t\000e\000c\000e\001\037\000i\000z\000,\000\040\000v\000e\000r\000i\000\040\000s\000e\000t\000i\000\040\000v\000a\000r\000\040\000m\001\061\000?\000'\000'}{subsection.3.4}% 22
\BOOKMARK [3][-]{subsubsection.3.4.2}{\376\377\000T\000a\000h\000m\000i\000n\000\040\000E\000d\000i\000l\000e\000c\000e\000k\000\040\001\136\000e\000y\000\040\000N\000e\000?}{subsection.3.4}% 23
\BOOKMARK [3][-]{subsubsection.3.4.3}{\376\377\000V\000e\000r\000i\000\040\000S\000e\000t\000i\000\040\000S\000t\000r\000a\000t\000e\000j\000i\000s\000i}{subsection.3.4}% 24
\BOOKMARK [3][-]{subsubsection.3.4.4}{\376\377\000M\000o\000d\000e\000l\000\040\000S\000e\000\347\000i\000m\000i\000\040\000\050\000A\001\137\000a\000m\000a\000l\001\061\000\051}{subsection.3.4}% 25
\BOOKMARK [3][-]{subsubsection.3.4.5}{\376\377\000F\000e\000a\000t\000u\000r\000e\000\040\000E\000n\000g\000i\000n\000e\000e\000r\000i\000n\000g\000\040\040\024\000\040\000\326\000n\000e\000m\000l\000i\000\040\000\326\000z\000e\000l\000l\000i\000k\000l\000e\000r}{subsection.3.4}% 26
\BOOKMARK [3][-]{subsubsection.3.4.6}{\376\377\000V\000a\000l\000i\000d\000a\000s\000y\000o\000n\000\040\000\046\000\040\000M\000e\000t\000r\000i\000k}{subsection.3.4}% 27
\BOOKMARK [3][-]{subsubsection.3.4.7}{\376\377\000S\000\374\000r\000e\000\040\000\046\000\040\000S\000a\000h\000i\000p}{subsection.3.4}% 28
\BOOKMARK [2][-]{subsection.3.5}{\376\377\000M\000o\000d\000\374\000l\000\040\000E\000\040\040\024\000\040\000O\000p\000t\000i\000m\000i\000z\000a\000s\000y\000o\000n\000\040\000A\000l\000g\000o\000r\000i\000t\000m\000a\000s\001\061\000\040\000\050\000K\000a\000r\000a\000r\000\051}{section.3}% 29
\BOOKMARK [3][-]{subsubsection.3.5.1}{\376\377\000M\000e\000v\000c\000u\000t\000\040\000D\000u\000r\000u\000m}{subsection.3.5}% 30
\BOOKMARK [3][-]{subsubsection.3.5.2}{\376\377\000E\000k\000l\000e\000n\000e\000c\000e\000k\000\040\000\050\000F\000a\000z\000\040\0002\000-\0003\000\051}{subsection.3.5}% 31
\BOOKMARK [3][-]{subsubsection.3.5.3}{\376\377\000S\000\374\000r\000e\000\040\000\046\000\040\000S\000a\000h\000i\000p}{subsection.3.5}% 32
\BOOKMARK [2][-]{subsection.3.6}{\376\377\000M\000o\000d\000\374\000l\000\040\000F\000\040\040\024\000\040\000G\000\374\000\347\000\040\000K\000a\000l\000i\000t\000e\000s\000i\000\040\000\046\000\040\000H\000a\000r\000m\000o\000n\000i\000k\000\040\000\050\000F\000a\000z\000\040\0004\000\040\000D\000i\000f\000e\000r\000a\000n\000s\000i\000y\000a\000t\000\366\000r\000\051}{section.3}% 33
\BOOKMARK [3][-]{subsubsection.3.6.1}{\376\377\000N\000e\000d\000e\000n\000\040\000\326\000n\000e\000m\000l\000i}{subsection.3.6}% 34
\BOOKMARK [3][-]{subsubsection.3.6.2}{\376\377\000S\000t\000a\000n\000d\000a\000r\000t\000l\000a\000r}{subsection.3.6}% 35
\BOOKMARK [3][-]{subsubsection.3.6.3}{\376\377\000D\000o\000n\000a\000n\001\061\000m}{subsection.3.6}% 36
\BOOKMARK [3][-]{subsubsection.3.6.4}{\376\377\000Y\000a\000z\001\061\000l\001\061\000m}{subsection.3.6}% 37
\BOOKMARK [3][-]{subsubsection.3.6.5}{\376\377\000S\000\374\000r\000e\000\040\000\046\000\040\000S\000a\000h\000i\000p}{subsection.3.6}% 38
\BOOKMARK [2][-]{subsection.3.7}{\376\377\000M\000o\000d\000\374\000l\000\040\000G\000\040\040\024\000\040\000B\000u\000l\000u\000t\000\040\000M\000i\000m\000a\000r\000i\000s\000i\000\040\000\050\000M\000u\000l\000t\000i\000-\000t\000e\000n\000a\000n\000t\000\040\000S\000a\000a\000S\000\051}{section.3}% 39
\BOOKMARK [3][-]{subsubsection.3.7.1}{\376\377\000M\000e\000v\000c\000u\000t\000\040\041\222\000\040\000H\000e\000d\000e\000f}{subsection.3.7}% 40
\BOOKMARK [3][-]{subsubsection.3.7.2}{\376\377\000M\000i\000m\000a\000r\000i\000\040\000K\000a\000t\000m\000a\000n\000l\000a\000r}{subsection.3.7}% 41
\BOOKMARK [3][-]{subsubsection.3.7.3}{\376\377\000C\000l\000o\000u\000d\000\040\000P\000r\000o\000v\000i\000d\000e\000r\000\040\000K\000a\000r\000a\000r\001\061}{subsection.3.7}% 42
\BOOKMARK [3][-]{subsubsection.3.7.4}{\376\377\000M\000u\000l\000t\000i\000-\000t\000e\000n\000a\000n\000c\000y\000\040\000Y\000a\000k\000l\000a\001\137\001\061\000m\001\061}{subsection.3.7}% 43
\BOOKMARK [3][-]{subsubsection.3.7.5}{\376\377\000S\000\374\000r\000e\000\040\000\046\000\040\000S\000a\000h\000i\000p}{subsection.3.7}% 44
\BOOKMARK [2][-]{subsection.3.8}{\376\377\000M\000o\000d\000\374\000l\000\040\000H\000\040\040\024\000\040\000G\000\374\000v\000e\000n\000l\000i\000k\000\040\000\046\000\040\000U\000y\000u\000m}{section.3}% 45
\BOOKMARK [3][-]{subsubsection.3.8.1}{\376\377\000B\000o\000y\000u\000t\000l\000a\000r}{subsection.3.8}% 46
\BOOKMARK [3][-]{subsubsection.3.8.2}{\376\377\000K\000V\000K\000K\000\040\000D\000e\000t\000a\000y\001\061\000\040\000\050\000a\000t\000l\000a\000n\001\061\000r\000s\000a\000\040\000c\000e\000z\000a\000s\001\061\000\040\000a\001\037\001\061\000r\000\051}{subsection.3.8}% 47
\BOOKMARK [3][-]{subsubsection.3.8.3}{\376\377\000S\000\374\000r\000e\000\040\000\046\000\040\000S\000a\000h\000i\000p}{subsection.3.8}% 48
\BOOKMARK [2][-]{subsection.3.9}{\376\377\000M\000o\000d\000\374\000l\000\040\000I\000\040\040\024\000\040\000P\000V\000\040\000/\000\040\000E\000S\000S\000\040\000E\000n\000t\000e\000g\000r\000a\000s\000y\000o\000n\000u\000\040\000\050\000F\000a\000z\000\040\0003\000\040\000D\000i\000f\000e\000r\000a\000n\000s\000i\000y\000a\000t\000\366\000r\000\051}{section.3}% 49
\BOOKMARK [3][-]{subsubsection.3.9.1}{\376\377\000N\000i\000y\000e\000\040\000\326\000n\000e\000m\000l\000i}{subsection.3.9}% 50
\BOOKMARK [3][-]{subsubsection.3.9.2}{\376\377\000A\000l\000g\000o\000r\000i\000t\000m\000a\000\040\000G\000e\000n\000i\001\137\000l\000e\000m\000e\000s\000i}{subsection.3.9}% 51
\BOOKMARK [3][-]{subsubsection.3.9.3}{\376\377\000S\000\374\000r\000e\000\040\000\046\000\040\000S\000a\000h\000i\000p}{subsection.3.9}% 52
\BOOKMARK [2][-]{subsection.3.10}{\376\377\000M\000o\000d\000\374\000l\000\040\000J\000\040\040\024\000\040\000V\0002\000G\000\040\000\046\000\040\000V\0002\000H\000\040\000\050\000F\000a\000z\000\040\0004\000\051}{section.3}% 53
\BOOKMARK [2][-]{subsection.3.11}{\376\377\000M\000o\000d\000\374\000l\000\040\000K\000\040\040\024\000\040\000M\000\374\001\137\000t\000e\000r\000i\000\040\000A\000r\000a\000y\000\374\000z\000l\000e\000r\000i}{section.3}% 54
\BOOKMARK [3][-]{subsubsection.3.11.1}{\376\377\000O\000p\000e\000r\000a\000t\000\366\000r\000\040\000D\000a\000s\000h\000b\000o\000a\000r\000d\000\040\000\050\000w\000e\000b\000\051}{subsection.3.11}% 55
\BOOKMARK [3][-]{subsubsection.3.11.2}{\376\377\000S\000a\000h\000a\000\040\000M\000o\000b\000i\000l\000e\000\040\000\050\000F\000a\000z\000\040\0003\000\040\000s\000o\000n\000r\000a\000\051}{subsection.3.11}% 56
\BOOKMARK [3][-]{subsubsection.3.11.3}{\376\377\000A\000P\000I}{subsection.3.11}% 57
\BOOKMARK [3][-]{subsubsection.3.11.4}{\376\377\000S\000\374\000r\000e\000\040\000\046\000\040\000S\000a\000h\000i\000p}{subsection.3.11}% 58
\BOOKMARK [2][-]{subsection.3.12}{\376\377\000M\000o\000d\000\374\000l\000\040\000L\000\040\040\024\000\040\000F\000a\000t\000u\000r\000a\000l\000a\000m\000a\000\040\000/\000\040\000\326\000d\000e\000m\000e}{section.3}% 59
\BOOKMARK [3][-]{subsubsection.3.12.1}{\376\377\000S\000o\000r\000u\000:\000\040\000M\000\374\001\137\000t\000e\000r\000i\000d\000e\000n\000\040\000n\000a\000s\001\061\000l\000\040\000p\000a\000r\000a\000\040\000a\000l\000a\000c\000a\001\037\001\061\000z\000?}{subsection.3.12}% 60
\BOOKMARK [3][-]{subsubsection.3.12.2}{\376\377\000F\000a\000t\000u\000r\000a\000l\000a\000m\000a\000\040\000Y\000a\000z\001\061\000l\001\061\000m\001\061\000\040\000\050\000B\000i\000z\000i\000m\000\040\000i\000\347\000i\000n\000\051}{subsection.3.12}% 61
\BOOKMARK [2][-]{subsection.3.13}{\376\377\000M\000o\000d\000\374\000l\000\040\000M\000\040\040\024\000\040\000A\000t\000l\000a\000n\000m\001\061\001\137\000\040\000/\000\040\000D\000a\000h\000a\000\040\000A\000z\000\040\000K\000o\000n\000u\001\137\000u\000l\000m\000u\001\137\000\040\0002\0005\000\040\000K\000o\000n\000u}{section.3}% 62
\BOOKMARK [1][-]{section.4}{\376\377\000V\000e\000r\000i\000\040\000S\000t\000r\000a\000t\000e\000j\000i\000s\000i\000\040\000\050\000D\000e\000t\000a\000y\000\051}{}% 63
\BOOKMARK [2][-]{subsection.4.1}{\376\377\001\060\000h\000t\000i\000y\000a\000c\001\061\000m\001\061\000z\000\040\000O\000l\000a\000n\000\040\000V\000e\000r\000i\000l\000e\000r}{section.4}% 64
\BOOKMARK [2][-]{subsection.4.2}{\376\377\000P\000i\000l\000o\000t\000\040\000V\000e\000r\000i\000\040\000T\000o\000p\000l\000a\000m\000a\000\040\000P\000l\000a\000n\001\061}{section.4}% 65
\BOOKMARK [2][-]{subsection.4.3}{\376\377\000V\000e\000r\000i\000\040\000Y\000\366\000n\000e\000t\000i\001\137\000i\000m\000i}{section.4}% 66
\BOOKMARK [1][-]{section.5}{\376\377\000M\000i\000m\000a\000r\000i\000\040\000E\000v\000r\000i\000m\000\040\040\024\000\040\000S\000\374\000r\000\374\000m\000\040\000Y\000o\000l\000\040\000H\000a\000r\000i\000t\000a\000s\001\061}{}% 67
\BOOKMARK [1][-]{section.6}{\376\377\0001\0002\000\040\000A\000y\000l\001\061\000k\000\040\000B\000i\000r\000l\000e\001\137\000i\000k\000\040\000S\000p\000r\000i\000n\000t\000\040\000P\000l\000a\000n\001\061\000\040\000\050\000H\000a\000f\000t\000a\000\040\000H\000a\000f\000t\000a\000\051}{}% 68
\BOOKMARK [1][-]{section.7}{\376\377\000D\000o\000n\000a\000n\001\061\000m\000\040\000G\000e\000r\000e\000k\000s\000i\000n\000i\000m\000l\000e\000r\000i}{}% 69
\BOOKMARK [2][-]{subsection.7.1}{\376\377\000L\000a\000b\000\040\000K\000u\000r\000u\000l\000u\000m\000u\000\040\000\050\0001\000\040\000k\000e\000z\000,\000\040\000F\000a\000z\000\040\0001\000\051}{section.7}% 70
\BOOKMARK [2][-]{subsection.7.2}{\376\377\000P\000i\000l\000o\000t\000\040\000S\000a\000h\000a\000\040\000D\000o\000n\000a\000n\001\061\000m\001\061\000\040\000\050\000s\000a\000h\000a\000\040\000b\000a\001\137\001\061\000n\000a\000\051}{section.7}% 71
\BOOKMARK [1][-]{section.8}{\376\377\000Y\000a\000z\001\061\000l\001\061\000m\000\040\000S\000t\000a\000c\000k\000'\000i\000\040\000\050\000\326\000n\000e\000r\000i\000l\000e\000n\000\051}{}% 72
\BOOKMARK [1][-]{section.9}{\376\377\000A\000k\000a\000d\000e\000m\000i\000k\000\040\001\060\001\137\000b\000i\000r\000l\000i\001\037\000i\000\040\000\046\000\040\000A\000r\000a\001\137\000t\001\061\000r\000m\000a}{}% 73
\BOOKMARK [2][-]{subsection.9.1}{\376\377\000H\000e\000d\000e\000f\000\040\000K\000u\000r\000u\000m\000l\000a\000r}{section.9}% 74
\BOOKMARK [2][-]{subsection.9.2}{\376\377\000Y\000a\000p\001\061\000\040\000\326\000n\000e\000r\000i\000l\000e\000r\000i}{section.9}% 75
\BOOKMARK [1][-]{section.10}{\376\377\000R\000i\000s\000k\000l\000e\000r\000\040\000v\000e\000\040\000A\000t\000l\000a\000d\001\061\001\037\001\061\000m\001\061\000z\000\040\000A\000\347\001\061\000k\000l\000a\000r}{}% 76
\BOOKMARK [2][-]{subsection.10.1}{\376\377\000A\000t\000l\000a\000n\000m\001\061\001\137\000\040\0001\0000\000\040\000R\000i\000s\000k\000\040\000D\000a\000h\000a}{section.10}% 77
\BOOKMARK [1][-]{section.11}{\376\377\0003\0000\000\040\000/\000\040\0006\0000\000\040\000/\000\040\0009\0000\000\040\000/\000\040\0001\0008\0000\000\040\000/\000\040\0003\0006\0005\000\040\000G\000\374\000n\000\040\000M\000i\000h\000e\000n\000k\000\040\000T\000a\001\137\000l\000a\000r\001\061}{}% 78
\BOOKMARK [1][-]{section.12}{\376\377\000D\000o\001\037\000r\000u\000l\000a\000m\000a\000\040\000/\000\040\000V\000e\000r\000i\000f\000i\000c\000a\000t\000i\000o\000n}{}% 79
\BOOKMARK [2][-]{subsection.12.1}{\376\377\000A\000y\000l\001\061\000k\000\040\000C\000h\000e\000c\000k\000-\000i\000n\000\040\000\050\000h\000e\000r\000\040\000a\000y\001\061\000n\000\040\0001\000'\000i\000\051}{section.12}% 80
\BOOKMARK [2][-]{subsection.12.2}{\376\377\000Y\000\366\000n\000\040\000D\000e\001\037\000i\001\137\000t\000i\000r\000m\000e\000\040\000T\000e\000t\000i\000k\000l\000e\000r\000i\000\040\000\050\000R\000e\000d\000\040\000F\000l\000a\000g\000s\000\051}{section.12}% 81
\BOOKMARK [2][-]{subsection.12.3}{\376\377\000\334\000r\000\374\000n\000\040\000K\000P\000I\000'\000l\000a\000r\001\061\000\040\000\050\000\374\000r\000e\000t\000i\000m\000d\000e\000\051}{section.12}% 82
\BOOKMARK [1][-]{section.13}{\376\377\000K\000a\000p\000a\000n\001\061\001\137\000\040\040\024\000\040\000K\000r\000i\000t\000i\000k\000\040\0005\000\040\001\136\000e\000y}{}% 83
