\BOOKMARK [1][-]{section.1}{\376\377\000P\000a\000z\000a\000r\000\040\000K\000o\000n\000u\000m\000l\000a\000n\000m\000a}{}% 1
\BOOKMARK [2][-]{subsection.1.1}{\376\377\000B\000i\000r\000i\000n\000c\000i\000l\000\040\000I\000C\000P\000\040\040\024\000\040\000S\000a\000h\000a\000\040\000S\000a\000h\000i\000b\000i\000\040\000\050\000F\000a\000z\000\040\0001\000,\000\040\000A\000y\000\040\0000\040\023\0006\000\051}{section.1}% 2
\BOOKMARK [2][-]{subsection.1.2}{\376\377\001\060\000k\000i\000n\000c\000i\000l\000\040\000I\000C\000P\000\040\040\024\000\040\000C\000P\000O\000\040\000\050\000F\000a\000z\000\040\0002\000,\000\040\000A\000y\000\040\0006\040\023\0009\000\051}{section.1}% 3
\BOOKMARK [2][-]{subsection.1.3}{\376\377\000\334\000\347\000\374\000n\000c\000\374\000l\000\040\040\024\000\040\000D\000e\000v\000l\000e\000t\000/\000B\000e\000l\000e\000d\000i\000y\000e\000\040\000\050\000F\000a\000z\000\040\0003\000,\000\040\000A\000y\000\040\0009\040\023\0001\0002\000+\000\051}{section.1}% 4
\BOOKMARK [1][-]{section.2}{\376\377\000\334\000r\000\374\000n\000\040\000V\000i\000z\000y\000o\000n\000u\000\040\040\024\000\040\000S\000i\000m\000\374\000l\000a\000s\000y\000o\000n\000d\000a\000n\000\040\000\334\000r\000e\000t\000i\000m\000e}{}% 5
\BOOKMARK [2][-]{subsection.2.1}{\376\377\000M\000i\000m\000a\000r\000i\000\040\000K\000a\000t\000m\000a\000n\000l\000a\000r}{section.2}% 6
\BOOKMARK [2][-]{subsection.2.2}{\376\377\000S\000i\000m\000\374\000l\000a\000s\000y\000o\000n\000d\000a\000n\000\040\000E\000k\000s\000i\000k\000l\000e\000r}{section.2}% 7
\BOOKMARK [1][-]{section.3}{\376\377\0001\0002\000\040\000A\000y\000l\001\061\000k\000\040\000Y\000o\000l\000\040\000H\000a\000r\000i\000t\000a\000s\001\061\000\040\000\050\0003\000\040\000K\000u\000r\000u\000c\000u\000\051}{}% 8
\BOOKMARK [2][-]{subsection.3.1}{\376\377\000F\000a\000z\000\040\0000\000\040\040\024\000\040\000V\000a\000l\000i\000d\000a\000s\000y\000o\000n\000\040\000\050\000A\000y\000\040\0000\040\023\0001\000.\0005\000\051}{section.3}% 9
\BOOKMARK [2][-]{subsection.3.2}{\376\377\000F\000a\000z\000\040\0001\000\040\040\024\000\040\000M\000V\000P\000\040\000\050\000A\000y\000\040\0001\000.\0005\040\023\0004\000.\0005\000\051}{section.3}% 10
\BOOKMARK [2][-]{subsection.3.3}{\376\377\000F\000a\000z\000\040\0002\000\040\040\024\000\040\000\334\000c\000r\000e\000t\000l\000i\000\040\000P\000i\000l\000o\000t\000\040\000\046\000\040\000E\000r\000k\000e\000n\000\040\000G\000e\000l\000i\000r\000\040\000\050\000A\000y\000\040\0004\000.\0005\040\023\0008\000\051}{section.3}% 11
\BOOKMARK [2][-]{subsection.3.4}{\376\377\000F\000a\000z\000\040\0003\000\040\040\024\000\040\000\326\000l\000\347\000e\000k\000\040\000H\000a\000z\001\061\000r\000l\001\061\001\037\001\061\000\040\000\050\000A\000y\000\040\0008\040\023\0001\0002\000\051}{section.3}% 12
\BOOKMARK [1][-]{section.4}{\376\377\000T\000\374\000r\000k\000i\000y\000e\000'\000y\000e\000\040\000\326\000z\000g\000\374\000\040\000F\000i\000n\000a\000n\000s\000m\000a\000n\000\040\000Y\000o\000l\000\040\000H\000a\000r\000i\000t\000a\000s\001\061}{}% 13
\BOOKMARK [1][-]{section.5}{\376\377\000R\000e\000g\000\374\000l\000a\000s\000y\000o\000n\000,\000\040\000S\000e\000r\000t\000i\000f\000i\000k\000a\000s\000y\000o\000n\000,\000\040\000S\000t\000a\000n\000d\000a\000r\000t\000l\000a\000r}{}% 14
\BOOKMARK [1][-]{section.6}{\376\377\000R\000e\000k\000a\000b\000e\000t\000\040\000\046\000\040\000F\000a\000r\000k\000l\001\061\000l\000a\001\137\000m\000a}{}% 15
\BOOKMARK [1][-]{section.7}{\376\377\001\060\000l\000k\000\040\0009\0000\000\040\000G\000\374\000n\000\040\040\024\000\040\000C\000o\000n\000c\000r\000e\000t\000e\000\040\000A\000k\000s\000i\000y\000o\000n\000l\000a\000r}{}% 16
\BOOKMARK [2][-]{subsection.7.1}{\376\377\000H\000a\000f\000t\000a\000\040\0001\040\023\0002\000:\000\040\000T\000e\000m\000e\000l}{section.7}% 17
\BOOKMARK [2][-]{subsection.7.2}{\376\377\000H\000a\000f\000t\000a\000\040\0003\040\023\0006\000:\000\040\000C\000u\000s\000t\000o\000m\000e\000r\000\040\000D\000i\000s\000c\000o\000v\000e\000r\000y}{section.7}% 18
\BOOKMARK [2][-]{subsection.7.3}{\376\377\000H\000a\000f\000t\000a\000\040\0006\040\023\0001\0000\000:\000\040\000T\000\334\000B\001\060\000T\000A\000K\000\040\000B\000i\000G\000G\000\040\000+\000\040\000S\000p\000i\000k\000e}{section.7}% 19
\BOOKMARK [2][-]{subsection.7.4}{\376\377\000H\000a\000f\000t\000a\000\040\0001\0000\040\023\0001\0003\000:\000\040\000M\000V\000P\000\040\000S\000k\000e\000l\000e\000t\000o\000n}{section.7}% 20
\BOOKMARK [2][-]{subsection.7.5}{\376\377\0009\0000\000.\000\040\000G\000\374\000n\000\040\000K\000o\000n\000t\000r\000o\000l\000\040\000L\000i\000s\000t\000e\000s\000i}{section.7}% 21
\BOOKMARK [1][-]{section.8}{\376\377\000R\000i\000s\000k\000l\000e\000r\000\040\000v\000e\000\040\000K\000r\000i\000t\000i\000k\000\040\000K\000a\000r\000a\000r\000\040\000N\000o\000k\000t\000a\000l\000a\000r\001\061}{}% 22
\BOOKMARK [2][-]{subsection.8.1}{\376\377\000K\000r\000i\000t\000i\000k\000\040\000F\000o\000r\000k\000l\000a\000r}{section.8}% 23
\BOOKMARK [1][-]{section.9}{\376\377\000K\000P\000I\000'\000l\000a\000r\000\040\000\050\0001\0002\000\040\000A\000y\000\040\000S\000o\000n\000u\000\051}{}% 24
\BOOKMARK [1][-]{section.10}{\376\377\000D\000o\001\037\000r\000u\000l\000a\000m\000a\000\040\000/\000\040\000V\000e\000r\000i\000f\000i\000c\000a\000t\000i\000o\000n}{}% 25
\BOOKMARK [1][-]{section.11}{\376\377\000K\000r\000i\000t\000i\000k\000\040\000O\000l\000d\000u\001\037\000u\000n\000u\000\040\000D\000\374\001\137\000\374\000n\000d\000\374\001\037\000\374\000m\000\040\0004\000\040\001\136\000e\000y}{}% 26
